<?xml version="1.0" encoding="UTF-8"?>
<testng-results ignored="0" total="1" passed="1" failed="0" skipped="0">
  <reporter-output>
  </reporter-output>
  <suite started-at="2021-10-08T11:04:58 EEST" name="com.ea.FirstAutomationTest" finished-at="2021-10-08T11:05:03 EEST" duration-ms="5636">
    <groups>
    </groups>
    <test started-at="2021-10-08T11:04:58 EEST" name="Command line test" finished-at="2021-10-08T11:05:03 EEST" duration-ms="5636">
      <class name="com.ea.FirstAutomationTest">
        <test-method signature="swTestAcademyTitleTest()[pri:0, instance:com.ea.FirstAutomationTest@72967906]" started-at="2021-10-08T11:04:58 EEST" name="swTestAcademyTitleTest" finished-at="2021-10-08T11:05:03 EEST" duration-ms="5612" status="PASS">
          <reporter-output>
          </reporter-output>
        </test-method> <!-- swTestAcademyTitleTest -->
      </class> <!-- com.ea.FirstAutomationTest -->
    </test> <!-- Command line test -->
  </suite> <!-- com.ea.FirstAutomationTest -->
</testng-results>
